[2022-12-12 19:51:24] app.INFO: Protect vendor folder in module contactform [] []
[2022-12-12 19:51:24] app.INFO: Module contactform has no vendor folder [] []
[2022-12-12 19:51:24] app.INFO: Protect vendor folder in module dashactivity [] []
[2022-12-12 19:51:24] app.INFO: Module dashactivity has no vendor folder [] []
[2022-12-12 19:51:25] app.INFO: Protect vendor folder in module dashtrends [] []
[2022-12-12 19:51:25] app.INFO: Module dashtrends has no vendor folder [] []
[2022-12-12 19:51:25] app.INFO: Protect vendor folder in module dashgoals [] []
[2022-12-12 19:51:25] app.INFO: Module dashgoals has no vendor folder [] []
[2022-12-12 19:51:25] app.INFO: Protect vendor folder in module dashproducts [] []
[2022-12-12 19:51:25] app.INFO: Module dashproducts has no vendor folder [] []
[2022-12-12 19:51:25] app.INFO: Protect vendor folder in module graphnvd3 [] []
[2022-12-12 19:51:25] app.INFO: Module graphnvd3 has no vendor folder [] []
[2022-12-12 19:51:25] app.INFO: Protect vendor folder in module gridhtml [] []
[2022-12-12 19:51:25] app.INFO: Module gridhtml has no vendor folder [] []
[2022-12-12 19:51:25] app.INFO: Protect vendor folder in module gsitemap [] []
[2022-12-12 19:51:25] app.INFO: Module gsitemap has no vendor folder [] []
[2022-12-12 19:51:25] app.INFO: Protect vendor folder in module ps_banner [] []
[2022-12-12 19:51:25] app.INFO: Module ps_banner has no vendor folder [] []
[2022-12-12 19:51:25] app.INFO: Protect vendor folder in module ps_categorytree [] []
[2022-12-12 19:51:25] app.INFO: Module ps_categorytree has no vendor folder [] []
[2022-12-12 19:51:25] app.INFO: Protect vendor folder in module ps_checkpayment [] []
[2022-12-12 19:51:25] app.INFO: Module ps_checkpayment has no vendor folder [] []
[2022-12-12 19:51:25] app.INFO: Protect vendor folder in module ps_contactinfo [] []
[2022-12-12 19:51:25] app.INFO: Module ps_contactinfo has no vendor folder [] []
[2022-12-12 19:51:26] app.INFO: Protect vendor folder in module ps_currencyselector [] []
[2022-12-12 19:51:26] app.INFO: Module ps_currencyselector has no vendor folder [] []
[2022-12-12 19:51:26] app.INFO: Protect vendor folder in module ps_customeraccountlinks [] []
[2022-12-12 19:51:26] app.INFO: Module ps_customeraccountlinks has no vendor folder [] []
[2022-12-12 19:51:26] app.INFO: Protect vendor folder in module ps_customersignin [] []
[2022-12-12 19:51:26] app.INFO: Module ps_customersignin has no vendor folder [] []
[2022-12-12 19:51:26] app.INFO: Protect vendor folder in module ps_customtext [] []
[2022-12-12 19:51:26] app.INFO: Module ps_customtext has no vendor folder [] []
[2022-12-12 19:51:26] app.INFO: Protect vendor folder in module ps_emailsubscription [] []
[2022-12-12 19:51:26] app.INFO: Module ps_emailsubscription has no vendor folder [] []
[2022-12-12 19:51:27] app.INFO: Protect vendor folder in module ps_facetedsearch [] []
[2022-12-12 19:51:27] app.INFO: Module ps_facetedsearch has no vendor folder [] []
[2022-12-12 19:51:27] app.INFO: Protect vendor folder in module ps_faviconnotificationbo [] []
[2022-12-12 19:51:27] app.INFO: Module ps_faviconnotificationbo has no vendor folder [] []
[2022-12-12 19:51:27] app.INFO: Protect vendor folder in module ps_featuredproducts [] []
[2022-12-12 19:51:27] app.INFO: Module ps_featuredproducts has no vendor folder [] []
[2022-12-12 19:51:27] app.INFO: Protect vendor folder in module ps_imageslider [] []
[2022-12-12 19:51:27] app.INFO: Module ps_imageslider has no vendor folder [] []
[2022-12-12 19:51:27] app.INFO: Protect vendor folder in module ps_languageselector [] []
[2022-12-12 19:51:27] app.INFO: Module ps_languageselector has no vendor folder [] []
[2022-12-12 19:51:27] app.INFO: Protect vendor folder in module ps_linklist [] []
[2022-12-12 19:51:27] app.INFO: Module ps_linklist has no vendor folder [] []
[2022-12-12 19:51:27] app.ERROR: Class "AdminLinkWidgetController" not found in controllers/admin [] []
[2022-12-12 19:51:28] app.INFO: Protect vendor folder in module ps_mainmenu [] []
[2022-12-12 19:51:28] app.INFO: Module ps_mainmenu has no vendor folder [] []
[2022-12-12 19:51:28] app.INFO: Protect vendor folder in module ps_searchbar [] []
[2022-12-12 19:51:28] app.INFO: Module ps_searchbar has no vendor folder [] []
[2022-12-12 19:51:28] app.INFO: Protect vendor folder in module ps_sharebuttons [] []
[2022-12-12 19:51:28] app.INFO: Module ps_sharebuttons has no vendor folder [] []
[2022-12-12 19:51:28] app.INFO: Protect vendor folder in module ps_shoppingcart [] []
[2022-12-12 19:51:28] app.INFO: Module ps_shoppingcart has no vendor folder [] []
[2022-12-12 19:51:28] app.INFO: Protect vendor folder in module ps_socialfollow [] []
[2022-12-12 19:51:28] app.INFO: Module ps_socialfollow has no vendor folder [] []
[2022-12-12 19:51:28] app.INFO: Protect vendor folder in module ps_themecusto [] []
[2022-12-12 19:51:28] app.INFO: Module ps_themecusto has no vendor folder [] []
[2022-12-12 19:51:28] app.INFO: Protect vendor folder in module ps_wirepayment [] []
[2022-12-12 19:51:28] app.INFO: Module ps_wirepayment has no vendor folder [] []
[2022-12-12 19:51:28] app.INFO: Protect vendor folder in module pagesnotfound [] []
[2022-12-12 19:51:28] app.INFO: Module pagesnotfound has no vendor folder [] []
[2022-12-12 19:51:29] app.INFO: Protect vendor folder in module sekeywords [] []
[2022-12-12 19:51:29] app.INFO: Module sekeywords has no vendor folder [] []
[2022-12-12 19:51:29] app.INFO: Protect vendor folder in module statsbestcategories [] []
[2022-12-12 19:51:29] app.INFO: Module statsbestcategories has no vendor folder [] []
[2022-12-12 19:51:29] app.INFO: Protect vendor folder in module statsbestcustomers [] []
[2022-12-12 19:51:29] app.INFO: Module statsbestcustomers has no vendor folder [] []
[2022-12-12 19:51:29] app.INFO: Protect vendor folder in module statsbestproducts [] []
[2022-12-12 19:51:29] app.INFO: Module statsbestproducts has no vendor folder [] []
[2022-12-12 19:51:29] app.INFO: Protect vendor folder in module statsbestsuppliers [] []
[2022-12-12 19:51:29] app.INFO: Module statsbestsuppliers has no vendor folder [] []
[2022-12-12 19:51:29] app.INFO: Protect vendor folder in module statsbestvouchers [] []
[2022-12-12 19:51:29] app.INFO: Module statsbestvouchers has no vendor folder [] []
[2022-12-12 19:51:29] app.INFO: Protect vendor folder in module statscarrier [] []
[2022-12-12 19:51:29] app.INFO: Module statscarrier has no vendor folder [] []
[2022-12-12 19:51:29] app.INFO: Protect vendor folder in module statscatalog [] []
[2022-12-12 19:51:29] app.INFO: Module statscatalog has no vendor folder [] []
[2022-12-12 19:51:29] app.INFO: Protect vendor folder in module statscheckup [] []
[2022-12-12 19:51:29] app.INFO: Module statscheckup has no vendor folder [] []
[2022-12-12 19:51:29] app.INFO: Protect vendor folder in module statsdata [] []
[2022-12-12 19:51:29] app.INFO: Module statsdata has no vendor folder [] []
[2022-12-12 19:51:29] app.INFO: Protect vendor folder in module statsequipment [] []
[2022-12-12 19:51:29] app.INFO: Module statsequipment has no vendor folder [] []
[2022-12-12 19:51:29] app.INFO: Protect vendor folder in module statsforecast [] []
[2022-12-12 19:51:29] app.INFO: Module statsforecast has no vendor folder [] []
[2022-12-12 19:51:29] app.INFO: Protect vendor folder in module statslive [] []
[2022-12-12 19:51:29] app.INFO: Module statslive has no vendor folder [] []
[2022-12-12 19:51:29] app.INFO: Protect vendor folder in module statsnewsletter [] []
[2022-12-12 19:51:29] app.INFO: Module statsnewsletter has no vendor folder [] []
[2022-12-12 19:51:30] app.INFO: Protect vendor folder in module statsorigin [] []
[2022-12-12 19:51:30] app.INFO: Module statsorigin has no vendor folder [] []
[2022-12-12 19:51:30] app.INFO: Protect vendor folder in module statspersonalinfos [] []
[2022-12-12 19:51:30] app.INFO: Module statspersonalinfos has no vendor folder [] []
[2022-12-12 19:51:30] app.INFO: Protect vendor folder in module statsproduct [] []
[2022-12-12 19:51:30] app.INFO: Module statsproduct has no vendor folder [] []
[2022-12-12 19:51:30] app.INFO: Protect vendor folder in module statsregistrations [] []
[2022-12-12 19:51:30] app.INFO: Module statsregistrations has no vendor folder [] []
[2022-12-12 19:51:30] app.INFO: Protect vendor folder in module statssales [] []
[2022-12-12 19:51:30] app.INFO: Module statssales has no vendor folder [] []
[2022-12-12 19:51:30] app.INFO: Protect vendor folder in module statssearch [] []
[2022-12-12 19:51:30] app.INFO: Module statssearch has no vendor folder [] []
[2022-12-12 19:51:30] app.INFO: Protect vendor folder in module statsstock [] []
[2022-12-12 19:51:30] app.INFO: Module statsstock has no vendor folder [] []
[2022-12-12 19:51:30] app.INFO: Protect vendor folder in module statsvisits [] []
[2022-12-12 19:51:30] app.INFO: Module statsvisits has no vendor folder [] []
[2022-12-12 19:51:30] app.INFO: Protect vendor folder in module welcome [] []
[2022-12-12 19:51:30] app.INFO: Exporting mail with theme modern for language English (English) [] []
[2022-12-12 19:51:30] app.INFO: Core output folder: /var/www/html/prestashop/mails [] []
[2022-12-12 19:51:30] app.INFO: Modules output folder: /var/www/html/prestashop/modules/ [] []
[2022-12-12 19:51:31] app.INFO: Exporting mail with theme modern for language Polski (Polish) [] []
[2022-12-12 19:51:31] app.INFO: Core output folder: /var/www/html/prestashop/mails [] []
[2022-12-12 19:51:31] app.INFO: Modules output folder: /var/www/html/prestashop/modules/ [] []
[2022-12-12 23:44:15] request.INFO: Matched route "admin_module_manage_action". {"route":"admin_module_manage_action","route_parameters":{"_controller":"PrestaShopBundle\\Controller\\Admin\\Improve\\ModuleController::moduleAction","action":"upgrade","module_name":"ps_categorytree","_route":"admin_module_manage_action"},"request_uri":"https://localhost/admin1729z6mwh/index.php/improve/modules/manage/action/upgrade/ps_categorytree?_token=zFVTW6lJBa_PpDP-iokZyRIkWIwk_RX1Vsm1tuQ8YrU","method":"POST"} []
[2022-12-12 23:44:41] security.DEBUG: Read existing security token from the session. {"key":"_security_main","token_class":"Symfony\\Component\\Security\\Core\\Authentication\\Token\\UsernamePasswordToken"} []
[2022-12-12 23:44:41] security.DEBUG: User was reloaded from a user provider. {"provider":"PrestaShopBundle\\Security\\Admin\\EmployeeProvider","username":"admin@admin.dev"} []
[2022-12-12 23:44:44] request.CRITICAL: Uncaught PHP Exception Symfony\Component\Debug\Exception\FatalErrorException: "Compile Error: require(): Failed opening required '/var/www/html/prestashop/var/cache/prod/ContainerGc3kpsk/getRouting_LoaderService.php' (include_path='/var/www/html/prestashop/vendor/pear/pear_exception:/var/www/html/prestashop/vendor/pear/console_getopt:/var/www/html/prestashop/vendor/pear/pear-core-minimal/src:/var/www/html/prestashop/vendor/pear/archive_tar:.:/usr/share/php')" at /var/www/html/prestashop/var/cache/prod/ContainerGc3kpsk/appProdProjectContainer.php line 1933 {"exception":"[object] (Symfony\\Component\\Debug\\Exception\\FatalErrorException(code: 0): Compile Error: require(): Failed opening required '/var/www/html/prestashop/var/cache/prod/ContainerGc3kpsk/getRouting_LoaderService.php' (include_path='/var/www/html/prestashop/vendor/pear/pear_exception:/var/www/html/prestashop/vendor/pear/console_getopt:/var/www/html/prestashop/vendor/pear/pear-core-minimal/src:/var/www/html/prestashop/vendor/pear/archive_tar:.:/usr/share/php') at /var/www/html/prestashop/var/cache/prod/ContainerGc3kpsk/appProdProjectContainer.php:1933)"} []
[2022-12-12 23:58:02] request.INFO: Matched route "admin_module_manage_action". {"route":"admin_module_manage_action","route_parameters":{"_controller":"PrestaShopBundle\\Controller\\Admin\\Improve\\ModuleController::moduleAction","action":"upgrade","module_name":"ps_facetedsearch","_route":"admin_module_manage_action"},"request_uri":"https://localhost/admin1729z6mwh/index.php/improve/modules/manage/action/upgrade/ps_facetedsearch?_token=zFVTW6lJBa_PpDP-iokZyRIkWIwk_RX1Vsm1tuQ8YrU","method":"POST"} []
[2022-12-12 23:58:19] security.DEBUG: Read existing security token from the session. {"key":"_security_main","token_class":"Symfony\\Component\\Security\\Core\\Authentication\\Token\\UsernamePasswordToken"} []
[2022-12-12 23:58:19] security.DEBUG: User was reloaded from a user provider. {"provider":"PrestaShopBundle\\Security\\Admin\\EmployeeProvider","username":"admin@admin.dev"} []
[2022-12-12 23:58:19] request.CRITICAL: Uncaught PHP Exception Symfony\Component\Debug\Exception\FatalErrorException: "Compile Error: require(): Failed opening required '/var/www/html/prestashop/var/cache/prod/ContainerGc3kpsk/getPrestashop_Core_Search_Builder_PersistService.php' (include_path='/var/www/html/prestashop/vendor/pear/pear_exception:/var/www/html/prestashop/vendor/pear/console_getopt:/var/www/html/prestashop/vendor/pear/pear-core-minimal/src:/var/www/html/prestashop/vendor/pear/archive_tar:.:/usr/share/php')" at /var/www/html/prestashop/var/cache/prod/ContainerGc3kpsk/appProdProjectContainer.php line 1933 {"exception":"[object] (Symfony\\Component\\Debug\\Exception\\FatalErrorException(code: 0): Compile Error: require(): Failed opening required '/var/www/html/prestashop/var/cache/prod/ContainerGc3kpsk/getPrestashop_Core_Search_Builder_PersistService.php' (include_path='/var/www/html/prestashop/vendor/pear/pear_exception:/var/www/html/prestashop/vendor/pear/console_getopt:/var/www/html/prestashop/vendor/pear/pear-core-minimal/src:/var/www/html/prestashop/vendor/pear/archive_tar:.:/usr/share/php') at /var/www/html/prestashop/var/cache/prod/ContainerGc3kpsk/appProdProjectContainer.php:1933)"} []
[2022-12-13 00:02:49] request.CRITICAL: Uncaught PHP Exception Symfony\Component\Debug\Exception\FatalErrorException: "Compile Error: require(): Failed opening required '/var/www/html/prestashop/var/cache/prod/ContainerGc3kpsk/getMbo_Tab_Collection_ProviderService.php' (include_path='/var/www/html/prestashop/vendor/pear/pear_exception:/var/www/html/prestashop/vendor/pear/console_getopt:/var/www/html/prestashop/vendor/pear/pear-core-minimal/src:/var/www/html/prestashop/vendor/pear/archive_tar:.:/usr/share/php')" at /var/www/html/prestashop/var/cache/prod/ContainerGc3kpsk/appProdProjectContainer.php line 1933 {"exception":"[object] (Symfony\\Component\\Debug\\Exception\\FatalErrorException(code: 0): Compile Error: require(): Failed opening required '/var/www/html/prestashop/var/cache/prod/ContainerGc3kpsk/getMbo_Tab_Collection_ProviderService.php' (include_path='/var/www/html/prestashop/vendor/pear/pear_exception:/var/www/html/prestashop/vendor/pear/console_getopt:/var/www/html/prestashop/vendor/pear/pear-core-minimal/src:/var/www/html/prestashop/vendor/pear/archive_tar:.:/usr/share/php') at /var/www/html/prestashop/var/cache/prod/ContainerGc3kpsk/appProdProjectContainer.php:1933)"} []
